2019-08-02 16:22:40,469 INFO org.springframework.boot.StartupInfoLogger [restartedMain] Starting ComputeApplication on WKMIN1933533 with PID 23451 (/Users/mayaggar/Google-Drive/Learn/google-cloud/codebase/compute/target/classes started by mayaggar in /Users/mayaggar/Google-Drive/Learn/google-cloud/codebase/compute)
2019-08-02 16:22:40,473 INFO org.springframework.boot.SpringApplication [restartedMain] No active profile set, falling back to default profiles: default
2019-08-02 16:22:40,521 INFO org.springframework.boot.logging.DeferredLog [restartedMain] Devtools property defaults active! Set 'spring.devtools.add-properties' to 'false' to disable
2019-08-02 16:22:40,522 INFO org.springframework.boot.logging.DeferredLog [restartedMain] For additional web related logging consider setting the 'logging.level.web' property to 'DEBUG'
2019-08-02 16:22:42,215 INFO org.springframework.boot.web.embedded.tomcat.TomcatWebServer [restartedMain] Tomcat initialized with port(s): 6060 (http)
2019-08-02 16:22:42,237 INFO org.apache.juli.logging.DirectJDKLog [restartedMain] Initializing ProtocolHandler ["http-nio-6060"]
2019-08-02 16:22:42,249 INFO org.apache.juli.logging.DirectJDKLog [restartedMain] Starting service [Tomcat]
2019-08-02 16:22:42,250 INFO org.apache.juli.logging.DirectJDKLog [restartedMain] Starting Servlet engine: [Apache Tomcat/9.0.21]
2019-08-02 16:22:42,372 INFO org.apache.juli.logging.DirectJDKLog [restartedMain] Initializing Spring embedded WebApplicationContext
2019-08-02 16:22:42,372 INFO org.springframework.boot.web.servlet.context.ServletWebServerApplicationContext [restartedMain] Root WebApplicationContext: initialization completed in 1850 ms
2019-08-02 16:22:42,896 INFO org.springframework.scheduling.concurrent.ExecutorConfigurationSupport [restartedMain] Initializing ExecutorService 'applicationTaskExecutor'
2019-08-02 16:22:43,022 WARN org.springframework.boot.autoconfigure.thymeleaf.ThymeleafAutoConfiguration$DefaultTemplateResolverConfiguration [restartedMain] Cannot find template location: classpath:/templates/ (please add some templates or check your Thymeleaf configuration)
2019-08-02 16:22:43,064 INFO org.springframework.boot.autoconfigure.web.servlet.WelcomePageHandlerMapping [restartedMain] Adding welcome page: class path resource [static/index.html]
2019-08-02 16:22:43,283 INFO org.springframework.boot.devtools.autoconfigure.OptionalLiveReloadServer [restartedMain] LiveReload server is running on port 35729
2019-08-02 16:22:43,291 INFO org.springframework.boot.actuate.endpoint.web.EndpointLinksResolver [restartedMain] Exposing 2 endpoint(s) beneath base path '/actuator'
2019-08-02 16:22:43,347 INFO org.apache.juli.logging.DirectJDKLog [restartedMain] Starting ProtocolHandler ["http-nio-6060"]
2019-08-02 16:22:43,389 INFO org.springframework.boot.web.embedded.tomcat.TomcatWebServer [restartedMain] Tomcat started on port(s): 6060 (http) with context path ''
2019-08-02 16:22:43,392 INFO org.springframework.boot.StartupInfoLogger [restartedMain] Started ComputeApplication in 3.569 seconds (JVM running for 4.682)
2019-08-02 16:22:54,640 INFO org.apache.juli.logging.DirectJDKLog [http-nio-6060-exec-1] Initializing Spring DispatcherServlet 'dispatcherServlet'
2019-08-02 16:22:54,641 INFO org.springframework.web.servlet.FrameworkServlet [http-nio-6060-exec-1] Initializing Servlet 'dispatcherServlet'
2019-08-02 16:22:54,651 INFO org.springframework.web.servlet.FrameworkServlet [http-nio-6060-exec-1] Completed initialization in 10 ms
2019-08-02 16:23:30,406 INFO org.springframework.scheduling.concurrent.ExecutorConfigurationSupport [Thread-9] Shutting down ExecutorService 'applicationTaskExecutor'
2019-08-02 16:51:08,518 INFO org.springframework.test.context.support.AbstractTestContextBootstrapper [main] Neither @ContextConfiguration nor @ContextHierarchy found for test class [com.ma.programming.compute.ComputeApplicationTests], using SpringBootContextLoader
2019-08-02 16:51:08,524 INFO org.springframework.test.context.support.AbstractContextLoader [main] Could not detect default resource locations for test class [com.ma.programming.compute.ComputeApplicationTests]: no resource found for suffixes {-context.xml, Context.groovy}.
2019-08-02 16:51:08,525 INFO org.springframework.test.context.support.AnnotationConfigContextLoaderUtils [main] Could not detect default configuration classes for test class [com.ma.programming.compute.ComputeApplicationTests]: ComputeApplicationTests does not declare any static, non-private, non-final, nested classes annotated with @Configuration.
2019-08-02 16:51:08,649 INFO org.springframework.boot.test.context.SpringBootTestContextBootstrapper [main] Found @SpringBootConfiguration com.ma.programming.compute.ComputeApplication for test class com.ma.programming.compute.ComputeApplicationTests
2019-08-02 16:51:08,742 INFO org.springframework.test.context.support.AbstractTestContextBootstrapper [main] Loaded default TestExecutionListener class names from location [META-INF/spring.factories]: [org.springframework.boot.test.mock.mockito.MockitoTestExecutionListener, org.springframework.boot.test.mock.mockito.ResetMocksTestExecutionListener, org.springframework.boot.test.autoconfigure.restdocs.RestDocsTestExecutionListener, org.springframework.boot.test.autoconfigure.web.client.MockRestServiceServerResetTestExecutionListener, org.springframework.boot.test.autoconfigure.web.servlet.MockMvcPrintOnlyOnFailureTestExecutionListener, org.springframework.boot.test.autoconfigure.web.servlet.WebDriverTestExecutionListener, org.springframework.test.context.web.ServletTestExecutionListener, org.springframework.test.context.support.DirtiesContextBeforeModesTestExecutionListener, org.springframework.test.context.support.DependencyInjectionTestExecutionListener, org.springframework.test.context.support.DirtiesContextTestExecutionListener, org.springframework.test.context.transaction.TransactionalTestExecutionListener, org.springframework.test.context.jdbc.SqlScriptsTestExecutionListener]
2019-08-02 16:51:08,756 INFO org.springframework.test.context.support.AbstractTestContextBootstrapper [main] Using TestExecutionListeners: [org.springframework.test.context.web.ServletTestExecutionListener@17a7f733, org.springframework.test.context.support.DirtiesContextBeforeModesTestExecutionListener@68567e20, org.springframework.boot.test.mock.mockito.MockitoTestExecutionListener@76ed1b7c, org.springframework.boot.test.autoconfigure.SpringBootDependencyInjectionTestExecutionListener@11fc564b, org.springframework.test.context.support.DirtiesContextTestExecutionListener@394a2528, org.springframework.boot.test.mock.mockito.ResetMocksTestExecutionListener@6236eb5f, org.springframework.boot.test.autoconfigure.restdocs.RestDocsTestExecutionListener@7c1e2a9e, org.springframework.boot.test.autoconfigure.web.client.MockRestServiceServerResetTestExecutionListener@fa36558, org.springframework.boot.test.autoconfigure.web.servlet.MockMvcPrintOnlyOnFailureTestExecutionListener@672872e1, org.springframework.boot.test.autoconfigure.web.servlet.WebDriverTestExecutionListener@32910148]
2019-08-02 16:51:08,974 INFO org.springframework.boot.StartupInfoLogger [main] Starting ComputeApplicationTests on WKMIN1933533 with PID 23859 (started by mayaggar in /Users/mayaggar/Google-Drive/Learn/google-cloud/codebase/compute)
2019-08-02 16:51:08,974 INFO org.springframework.boot.SpringApplication [main] No active profile set, falling back to default profiles: default
2019-08-02 16:51:10,465 INFO org.springframework.scheduling.concurrent.ExecutorConfigurationSupport [main] Initializing ExecutorService 'applicationTaskExecutor'
2019-08-02 16:51:10,665 WARN org.springframework.boot.autoconfigure.thymeleaf.ThymeleafAutoConfiguration$DefaultTemplateResolverConfiguration [main] Cannot find template location: classpath:/templates/ (please add some templates or check your Thymeleaf configuration)
2019-08-02 16:51:10,727 INFO org.springframework.boot.autoconfigure.web.servlet.WelcomePageHandlerMapping [main] Adding welcome page: class path resource [static/index.html]
2019-08-02 16:51:11,223 INFO org.springframework.boot.actuate.endpoint.web.EndpointLinksResolver [main] Exposing 2 endpoint(s) beneath base path '/actuator'
2019-08-02 16:51:11,294 INFO org.springframework.boot.StartupInfoLogger [main] Started ComputeApplicationTests in 2.508 seconds (JVM running for 3.284)
2019-08-02 16:51:11,464 INFO org.springframework.scheduling.concurrent.ExecutorConfigurationSupport [Thread-3] Shutting down ExecutorService 'applicationTaskExecutor'
